<?xml version="1.0" encoding="UTF-8"?>
<!-- Generated by org.testng.reporters.JUnitReportReporter -->
<testsuite skipped="0" hostname="HSC-PF1DSQNM" name="com.BWI.MobileApps.ProfileTests" tests="1" failures="0" timestamp="2022-06-16T12:48:18 IST" time="8.532" errors="0">
  <testcase name="verifyLogin" time="8.532" classname="com.BWI.MobileApps.ProfileTests"/>
  <system-out/>
</testsuite> <!-- com.BWI.MobileApps.ProfileTests -->
