<?xml version="1.0" encoding="UTF-8"?>
<!-- Generated by org.testng.reporters.JUnitReportReporter -->
<testsuite skipped="0" hostname="HSC-PF1DSQNM" name="com.BWI.MobileApps.LoginTests" tests="1" failures="0" timestamp="2022-06-16T12:40:52 IST" time="6.677" errors="0">
  <testcase name="verifyLogin" time="6.677" classname="com.BWI.MobileApps.LoginTests"/>
  <system-out/>
</testsuite> <!-- com.BWI.MobileApps.LoginTests -->
